<?xml version="1.0" encoding="UTF-8"?>
<!-- Generated by org.testng.reporters.JUnitXMLReporter -->
<testsuite hostname="DESKTOP-UB5830S" ignored="1" name="HomeLoan" tests="2" failures="0" timestamp="2020-06-26T17:17:49 IST" time="0.007" errors="0">
  <testcase name="APICarLoan" time="0.0" classname="test.Day3"/>
  <testcase name="WebCarLoan" time="0.001" classname="test.Day3"/>
  <testcase name="MobileCarLoan" time="0.0" classname="test.Day3">
    <ignored/>
  </testcase> <!-- MobileCarLoan -->
</testsuite> <!-- HomeLoan -->
