<?xml version="1.0" encoding="UTF-8"?>
<!-- Generated by org.testng.reporters.JUnitXMLReporter -->
<testsuite hostname="DESKTOP-UB5830S" ignored="0" name="PersonalLoan" tests="6" failures="0" timestamp="2020-06-26T17:17:49 IST" time="0.043" errors="0">
  <testcase name="webTest" time="0.008" classname="test.Day2"/>
  <testcase name="abcTest" time="0.001" classname="test.Day2"/>
  <testcase name="demo2" time="0.001" classname="test.Day1"/>
  <testcase name="APIHomeLoan" time="0.001" classname="test.Day4"/>
  <testcase name="MobileHomeLoan" time="0.001" classname="test.Day4"/>
  <testcase name="WebHomeLoan" time="0.001" classname="test.Day4"/>
</testsuite> <!-- PersonalLoan -->
